<?xml version="1.0" encoding="UTF-8"?>
<testng-results ignored="0" total="1" passed="1" failed="0" skipped="0">
  <reporter-output>
  </reporter-output>
  <suite started-at="2022-02-13T14:10:34 IST" name="QASuite" finished-at="2022-02-13T14:10:54 IST" duration-ms="20024">
    <groups>
    </groups>
    <test started-at="2022-02-13T14:10:34 IST" name="Chrome" finished-at="2022-02-13T14:10:54 IST" duration-ms="20024">
      <class name="ExecutionClass.TestNgExecution1">
        <test-method is-config="true" signature="ToLaunchAmazon(java.lang.String)[pri:0, instance:ExecutionClass.TestNgExecution1@708f5957]" started-at="2022-02-13T14:10:34 IST" name="ToLaunchAmazon" finished-at="2022-02-13T14:10:38 IST" duration-ms="3568" status="PASS">
          <params>
            <param index="0">
              <value>
                <![CDATA[chrome]]>
              </value>
            </param>
          </params>
          <reporter-output>
          </reporter-output>
        </test-method> <!-- ToLaunchAmazon -->
        <test-method is-config="true" signature="allPomObjects()[pri:0, instance:ExecutionClass.TestNgExecution1@708f5957]" started-at="2022-02-13T14:10:38 IST" name="allPomObjects" finished-at="2022-02-13T14:10:38 IST" duration-ms="103" status="PASS">
          <reporter-output>
          </reporter-output>
        </test-method> <!-- allPomObjects -->
        <test-method is-config="true" signature="LoginAmazon()[pri:0, instance:ExecutionClass.TestNgExecution1@708f5957]" started-at="2022-02-13T14:10:38 IST" name="LoginAmazon" finished-at="2022-02-13T14:10:49 IST" duration-ms="11016" status="PASS">
          <reporter-output>
          </reporter-output>
        </test-method> <!-- LoginAmazon -->
        <test-method signature="headerPageAmazon()[pri:0, instance:ExecutionClass.TestNgExecution1@708f5957]" started-at="2022-02-13T14:10:49 IST" name="headerPageAmazon" finished-at="2022-02-13T14:10:54 IST" duration-ms="4887" status="PASS">
          <reporter-output>
          </reporter-output>
        </test-method> <!-- headerPageAmazon -->
        <test-method is-config="true" signature="afterMethod(org.testng.ITestResult)[pri:0, instance:ExecutionClass.TestNgExecution1@708f5957]" started-at="2022-02-13T14:10:54 IST" name="afterMethod" finished-at="2022-02-13T14:10:54 IST" duration-ms="352" status="FAIL">
          <params>
            <param index="0">
              <value>
                <![CDATA[[TestResult name=headerPageAmazon status=SUCCESS method=TestNgExecution1.headerPageAmazon()[pri:0, instance:ExecutionClass.TestNgExecution1@708f5957] output={null}]]]>
              </value>
            </param>
          </params>
          <exception class="org.openqa.selenium.ElementNotInteractableException">
            <message>
              <![CDATA[element not interactable: [object HTMLSpanElement] has no size and location
  (Session info: chrome=98.0.4758.82)
Build info: version: '3.141.59', revision: 'e82be7d358', time: '2018-11-14T08:17:03'
System info: host: 'LAPTOP-8UAPTJ7F', ip: '192.168.91.67', os.name: 'Windows 10', os.arch: 'amd64', os.version: '10.0', java.version: '15.0.2'
Driver info: org.openqa.selenium.chrome.ChromeDriver
Capabilities {acceptInsecureCerts: false, browserName: chrome, browserVersion: 98.0.4758.82, chrome: {chromedriverVersion: 97.0.4692.71 (adefa7837d02a..., userDataDir: C:\Users\RAJAT\AppData\Loca...}, goog:chromeOptions: {debuggerAddress: localhost:58462}, javascriptEnabled: true, networkConnectionEnabled: false, pageLoadStrategy: normal, platform: WINDOWS, platformName: WINDOWS, proxy: Proxy(), setWindowRect: true, strictFileInteractability: false, timeouts: {implicit: 0, pageLoad: 300000, script: 30000}, unhandledPromptBehavior: dismiss and notify, webauthn:extension:credBlob: true, webauthn:extension:largeBlob: true, webauthn:virtualAuthenticators: true}
Session ID: ac6c265fb723a055c25d43099f19f6a9]]>
            </message>
            <full-stacktrace>
              <![CDATA[org.openqa.selenium.ElementNotInteractableException: element not interactable: [object HTMLSpanElement] has no size and location
  (Session info: chrome=98.0.4758.82)
Build info: version: '3.141.59', revision: 'e82be7d358', time: '2018-11-14T08:17:03'
System info: host: 'LAPTOP-8UAPTJ7F', ip: '192.168.91.67', os.name: 'Windows 10', os.arch: 'amd64', os.version: '10.0', java.version: '15.0.2'
Driver info: org.openqa.selenium.chrome.ChromeDriver
Capabilities {acceptInsecureCerts: false, browserName: chrome, browserVersion: 98.0.4758.82, chrome: {chromedriverVersion: 97.0.4692.71 (adefa7837d02a..., userDataDir: C:\Users\RAJAT\AppData\Loca...}, goog:chromeOptions: {debuggerAddress: localhost:58462}, javascriptEnabled: true, networkConnectionEnabled: false, pageLoadStrategy: normal, platform: WINDOWS, platformName: WINDOWS, proxy: Proxy(), setWindowRect: true, strictFileInteractability: false, timeouts: {implicit: 0, pageLoad: 300000, script: 30000}, unhandledPromptBehavior: dismiss and notify, webauthn:extension:credBlob: true, webauthn:extension:largeBlob: true, webauthn:virtualAuthenticators: true}
Session ID: ac6c265fb723a055c25d43099f19f6a9
at java.base/jdk.internal.reflect.NativeConstructorAccessorImpl.newInstance0(Native Method)
at java.base/jdk.internal.reflect.NativeConstructorAccessorImpl.newInstance(NativeConstructorAccessorImpl.java:64)
at java.base/jdk.internal.reflect.DelegatingConstructorAccessorImpl.newInstance(DelegatingConstructorAccessorImpl.java:45)
at java.base/java.lang.reflect.Constructor.newInstanceWithCaller(Constructor.java:500)
at java.base/java.lang.reflect.Constructor.newInstance(Constructor.java:481)
at org.openqa.selenium.remote.http.W3CHttpResponseCodec.createException(W3CHttpResponseCodec.java:187)
at org.openqa.selenium.remote.http.W3CHttpResponseCodec.decode(W3CHttpResponseCodec.java:122)
at org.openqa.selenium.remote.http.W3CHttpResponseCodec.decode(W3CHttpResponseCodec.java:49)
at org.openqa.selenium.remote.HttpCommandExecutor.execute(HttpCommandExecutor.java:158)
at org.openqa.selenium.remote.service.DriverCommandExecutor.execute(DriverCommandExecutor.java:83)
at org.openqa.selenium.remote.RemoteWebDriver.execute(RemoteWebDriver.java:552)
at org.openqa.selenium.remote.RemoteWebDriver.perform(RemoteWebDriver.java:618)
at org.openqa.selenium.interactions.Actions$BuiltAction.perform(Actions.java:639)
at pom.MainPageHeader.clickLogout2(MainPageHeader.java:73)
at ExecutionClass.TestNgExecution1.afterMethod(TestNgExecution1.java:161)
at java.base/jdk.internal.reflect.NativeMethodAccessorImpl.invoke0(Native Method)
at java.base/jdk.internal.reflect.NativeMethodAccessorImpl.invoke(NativeMethodAccessorImpl.java:64)
at java.base/jdk.internal.reflect.DelegatingMethodAccessorImpl.invoke(DelegatingMethodAccessorImpl.java:43)
at java.base/java.lang.reflect.Method.invoke(Method.java:564)
at org.testng.internal.MethodInvocationHelper.invokeMethod(MethodInvocationHelper.java:133)
at org.testng.internal.MethodInvocationHelper.invokeMethodConsideringTimeout(MethodInvocationHelper.java:62)
at org.testng.internal.ConfigInvoker.invokeConfigurationMethod(ConfigInvoker.java:385)
at org.testng.internal.ConfigInvoker.invokeConfigurations(ConfigInvoker.java:321)
at org.testng.internal.TestInvoker.runConfigMethods(TestInvoker.java:700)
at org.testng.internal.TestInvoker.runAfterGroupsConfigurations(TestInvoker.java:676)
at org.testng.internal.TestInvoker.invokeMethod(TestInvoker.java:660)
at org.testng.internal.TestInvoker.invokeTestMethod(TestInvoker.java:173)
at org.testng.internal.MethodRunner.runInSequence(MethodRunner.java:46)
at org.testng.internal.TestInvoker$MethodInvocationAgent.invoke(TestInvoker.java:824)
at org.testng.internal.TestInvoker.invokeTestMethods(TestInvoker.java:146)
at org.testng.internal.TestMethodWorker.invokeTestMethods(TestMethodWorker.java:146)
at org.testng.internal.TestMethodWorker.run(TestMethodWorker.java:128)
at java.base/java.util.concurrent.ThreadPoolExecutor.runWorker(ThreadPoolExecutor.java:1130)
at java.base/java.util.concurrent.ThreadPoolExecutor$Worker.run(ThreadPoolExecutor.java:630)
at java.base/java.lang.Thread.run(Thread.java:832)
]]>
            </full-stacktrace>
          </exception> <!-- org.openqa.selenium.ElementNotInteractableException -->
          <reporter-output>
          </reporter-output>
        </test-method> <!-- afterMethod -->
        <test-method is-config="true" signature="clearPomObjects()[pri:0, instance:ExecutionClass.TestNgExecution1@708f5957]" started-at="2022-02-13T14:10:54 IST" name="clearPomObjects" finished-at="1970-01-01T05:30:00 IST" duration-ms="-1644741654681" status="SKIP">
          <reporter-output>
          </reporter-output>
        </test-method> <!-- clearPomObjects -->
        <test-method is-config="true" signature="afterTest()[pri:0, instance:ExecutionClass.TestNgExecution1@708f5957]" started-at="2022-02-13T14:10:54 IST" name="afterTest" finished-at="1970-01-01T05:30:00 IST" duration-ms="-1644741654685" status="SKIP">
          <reporter-output>
          </reporter-output>
        </test-method> <!-- afterTest -->
      </class> <!-- ExecutionClass.TestNgExecution1 -->
    </test> <!-- Chrome -->
  </suite> <!-- QASuite -->
</testng-results>
